<?xml version="1.0" encoding="UTF-8"?>
<testsuite xmlns:xsi="http://www.w3.org/2001/XMLSchema-instance" xsi:noNamespaceSchemaLocation="https://maven.apache.org/surefire/maven-surefire-plugin/xsd/surefire-test-report.xsd" name="com.chenyx.AppTest" time="0.004" tests="1" errors="0" skipped="0" failures="0">
  <properties>
    <property name="user.variant" value=""/>
    <property name="java.vm.info" value="mixed mode"/>
    <property name="file.encoding.pkg" value="sun.io"/>
    <property name="file.encoding" value="GBK"/>
    <property name="java.specification.name" value="Java Platform API Specification"/>
    <property name="sun.os.patch.level" value="Service Pack 1"/>
    <property name="user.dir" value="D:\study\java\idea_project\common-core\jdbc-util"/>
    <property name="line.separator" value="&#10;"/>
    <property name="java.home" value="C:\Program Files\Java\jdk1.7.0_67\jre"/>
    <property name="user.name" value="lenovo"/>
    <property name="sun.boot.library.path" value="C:\Program Files\Java\jdk1.7.0_67\jre\bin"/>
    <property name="user.home" value="C:\Users\lenovo"/>
    <property name="localRepository" value="D:\work\software\Maven\defaultRepo"/>
    <property name="sun.java.launcher" value="SUN_STANDARD"/>
    <property name="java.class.version" value="51.0"/>
    <property name="user.language" value="zh"/>
    <property name="java.vendor.url.bug" value="http://bugreport.sun.com/bugreport/"/>
    <property name="sun.jnu.encoding" value="GBK"/>
    <property name="java.io.tmpdir" value="C:\Users\lenovo\AppData\Local\Temp\"/>
    <property name="java.specification.vendor" value="Oracle Corporation"/>
    <property name="file.separator" value="\"/>
    <property name="java.class.path" value="D:\study\java\idea_project\common-core\jdbc-util\target\test-classes;D:\study\java\idea_project\common-core\jdbc-util\target\classes;D:\work\software\Maven\defaultRepo\junit\junit\4.11\junit-4.11.jar;D:\work\software\Maven\defaultRepo\org\hamcrest\hamcrest-core\1.3\hamcrest-core-1.3.jar;"/>
    <property name="java.vm.vendor" value="Oracle Corporation"/>
    <property name="sun.cpu.endian" value="little"/>
    <property name="java.vm.specification.vendor" value="Oracle Corporation"/>
    <property name="java.specification.version" value="1.7"/>
    <property name="user.script" value=""/>
    <property name="awt.toolkit" value="sun.awt.windows.WToolkit"/>
    <property name="sun.java.command" value="C:\Users\lenovo\AppData\Local\Temp\surefire7136605567199394950\surefirebooter7807613194854456335.jar C:\Users\lenovo\AppData\Local\Temp\surefire7136605567199394950 2018-12-24T16-07-03_834-jvmRun1 surefire199127070012353746tmp surefire_05955792298438376220tmp"/>
    <property name="user.timezone" value="Asia/Shanghai"/>
    <property name="surefire.test.class.path" value="D:\study\java\idea_project\common-core\jdbc-util\target\test-classes;D:\study\java\idea_project\common-core\jdbc-util\target\classes;D:\work\software\Maven\defaultRepo\junit\junit\4.11\junit-4.11.jar;D:\work\software\Maven\defaultRepo\org\hamcrest\hamcrest-core\1.3\hamcrest-core-1.3.jar;"/>
    <property name="java.runtime.version" value="1.7.0_67-b01"/>
    <property name="java.vendor" value="Oracle Corporation"/>
    <property name="sun.management.compiler" value="HotSpot 64-Bit Tiered Compilers"/>
    <property name="sun.arch.data.model" value="64"/>
    <property name="os.arch" value="amd64"/>
    <property name="sun.io.unicode.encoding" value="UnicodeLittle"/>
    <property name="java.awt.printerjob" value="sun.awt.windows.WPrinterJob"/>
    <property name="path.separator" value=";"/>
    <property name="java.runtime.name" value="Java(TM) SE Runtime Environment"/>
    <property name="java.vendor.url" value="http://java.oracle.com/"/>
    <property name="sun.boot.class.path" value="C:\Program Files\Java\jdk1.7.0_67\jre\lib\resources.jar;C:\Program Files\Java\jdk1.7.0_67\jre\lib\rt.jar;C:\Program Files\Java\jdk1.7.0_67\jre\lib\sunrsasign.jar;C:\Program Files\Java\jdk1.7.0_67\jre\lib\jsse.jar;C:\Program Files\Java\jdk1.7.0_67\jre\lib\jce.jar;C:\Program Files\Java\jdk1.7.0_67\jre\lib\charsets.jar;C:\Program Files\Java\jdk1.7.0_67\jre\lib\jfr.jar;C:\Program Files\Java\jdk1.7.0_67\jre\classes"/>
    <property name="surefire.real.class.path" value="C:\Users\lenovo\AppData\Local\Temp\surefire7136605567199394950\surefirebooter7807613194854456335.jar"/>
    <property name="java.endorsed.dirs" value="C:\Program Files\Java\jdk1.7.0_67\jre\lib\endorsed"/>
    <property name="sun.desktop" value="windows"/>
    <property name="idea.version" value="2017.2.6"/>
    <property name="java.vm.version" value="24.65-b04"/>
    <property name="os.name" value="Windows 7"/>
    <property name="java.vm.specification.version" value="1.7"/>
    <property name="sun.cpu.isalist" value="amd64"/>
    <property name="java.version" value="1.7.0_67"/>
    <property name="java.vm.specification.name" value="Java Virtual Machine Specification"/>
    <property name="java.ext.dirs" value="C:\Program Files\Java\jdk1.7.0_67\jre\lib\ext;C:\Windows\Sun\Java\lib\ext"/>
    <property name="os.version" value="6.1"/>
    <property name="basedir" value="D:\study\java\idea_project\common-core\jdbc-util"/>
    <property name="java.library.path" value="C:\Program Files\Java\jdk1.7.0_67\jre\bin;C:\Windows\Sun\Java\bin;C:\Windows\system32;C:\Windows;C:\ProgramData\Oracle\Java\javapath;D:\software\oracle\oracle11g\product\11.2.0\dbhome_1\bin;D:\software\oracle\product\11.2.0\dbhome_1\bin;D:\work\software\srhx-software\srgl\tuxedo8.1\bin;D:\work\software\srhx-software\srgl\vclpbl;D:\work\software\srhx-software\srgl\modules;C:\Windows\system32;C:\Windows;C:\Windows\System32\Wbem;C:\Windows\System32\WindowsPowerShell\v1.0\;C:\Program Files\Intel\WiFi\bin\;C:\Program Files\Common Files\Intel\WirelessCommon\;D:\software\svn\TortoiseSVN\bin;D:\work\software\srhx-software\tuxedo10gr3\bin;C:\Program Files\Java\jdk1.7.0_67\bin;C:\Program Files\Java\jdk1.7.0_67\jre;D:\software\svn\VisualSVN Server\bin;D:\software\mysql\MySQL Server 5.5\bin;D:\software\gradle\gradle-4.1\bin;D:\software\git\Git\cmd;D:\work\software\Maven\apache-maven-3.2.3\bin;D:\software\git\tortoiseGit\bin;D:\software\nodejs\;C:\Program Files\Intel\WiFi\bin\;C:\Program Files\Common Files\Intel\WirelessCommon\;C:\Users\lenovo\AppData\Roaming\npm;."/>
    <property name="java.awt.graphicsenv" value="sun.awt.Win32GraphicsEnvironment"/>
    <property name="java.vm.name" value="Java HotSpot(TM) 64-Bit Server VM"/>
    <property name="user.country" value="CN"/>
  </properties>
  <testcase name="shouldAnswerWithTrue" classname="com.chenyx.AppTest" time="0.001"/>
</testsuite>